<!DOCTYPE html PUBLIC "-//W3C//DTD XHTML 1.1//EN" "https://www.w3.org/TR/xhtml11/DTD/xhtml11.dtd">
<html xmlns="https://www.w3.org/1999/xhtml">
<head>
<meta charset='utf-8'>
<title>TestNG Report</title>
<style type="text/css">
table {margin-bottom:10px;border-collapse:collapse;empty-cells:show}
td,th {border:1px solid #009;padding:.25em .5em}
.result th {vertical-align:bottom}
.param th {padding-left:1em;padding-right:1em}
.param td {padding-left:.5em;padding-right:2em}
.stripe td,.stripe th {background-color: #E6EBF9}
.numi,.numi_attn {text-align:right}
.total td {font-weight:bold}
.passedodd td {background-color: #0A0}
.passedeven td {background-color: #3F3}
.skippedodd td {background-color: #CCC}
.skippedodd td {background-color: #DDD}
.failedodd td,.numi_attn {background-color: #F33}
.failedeven td,.stripe .numi_attn {background-color: #D00}
.stacktrace {white-space:pre;font-family:monospace}
.totop {font-size:85%;text-align:center;border-bottom:2px solid #000}
</style>
</head>
<body>
<table cellspacing="0" cellpadding="0" class="testOverview">
<tr><th>Test</th><th>Methods<br/>Passed</th><th>Scenarios<br/>Passed</th><th># skipped</th><th># failed</th><th>Total<br/>Time</th><th>Included<br/>Groups</th><th>Excluded<br/>Groups</th></tr>
<tr><td style="text-align:left;padding-right:2em"><a href="#t1">TestNGBasics</a></td><td class="numi">0</td><td class="numi">0</td><td class="numi_attn">1</td><td class="numi">0</td><td class="numi">6.2 seconds</td><td class="numi"></td><td class="numi"></td></tr>
</table>
<table cellspacing="0" cellpadding="0" class="methodOverview" id="summary">
<tr><th>Class</th><th>Method</th><th># of<br/>Scenarios</th><th>Start</th><th>Time<br/>(ms)</th></tr>
<tr id="t1"><th colspan="5">TestNGBasics &#8212; failed (configuration methods)</th></tr>
<tr class="failedodd"><td>Class02.SoftAssertionDemo</td><td><a href="#m1"><b>openAndNavigate</b>  </a></td><td class="numi">1</td><td>1609249546060</td><td class="numi">6067</td></tr>
<tr><th colspan="5">TestNGBasics &#8212; skipped (configuration methods)</th></tr>
<tr class="skippedodd"><td>Class02.SoftAssertionDemo</td><td><a href="#m2"><b>closeBrowser</b>  </a></td><td class="numi">1</td><td>1609249552156</td><td class="numi">-1609249552156</td></tr>
<tr><th colspan="5">TestNGBasics &#8212; skipped</th></tr>
<tr class="skippedodd"><td>Class02.SoftAssertionDemo</td><td><a href="#m3"><b>logoAndValidLogin</b>  </a></td><td class="numi">1</td><td>1609249552153</td><td class="numi">0</td></tr>
</table>
<h1>TestNGBasics</h1>
<h2 id="m1">Class02.SoftAssertionDemo:openAndNavigate</h2>
<div>
<div class="stacktrace">org.openqa.selenium.SessionNotCreatedException: session not created: This version of ChromeDriver only supports Chrome version 88
Current browser version is 87.0.4280.88 with binary path /Applications/Google Chrome.app/Contents/MacOS/Google Chrome
Build info: version: &apos;3.141.59&apos;, revision: &apos;e82be7d358&apos;, time: &apos;2018-11-14T08:25:48&apos;
System info: host: &apos;Moneers-MacBook-Air.local&apos;, ip: &apos;2601:14c:8280:de80:e964:6fc9:f176:ff3e%en0&apos;, os.name: &apos;Mac OS X&apos;, os.arch: &apos;x86_64&apos;, os.version: &apos;10.15.7&apos;, java.version: &apos;14.0.2&apos;
Driver info: driver.version: ChromeDriver
remote stacktrace: 0   chromedriver                        0x000000010ff90e09 chromedriver + 2641417
1   chromedriver                        0x000000011061c4b3 chromedriver + 9503923
2   chromedriver                        0x000000010fd339b3 chromedriver + 162227
3   chromedriver                        0x000000010fd57a56 chromedriver + 309846
4   chromedriver                        0x000000010fd53c57 chromedriver + 293975
5   chromedriver                        0x000000010fd50e85 chromedriver + 282245
6   chromedriver                        0x000000010fd84074 chromedriver + 491636
7   chromedriver                        0x000000010fd7f053 chromedriver + 471123
8   chromedriver                        0x000000010fd59ae4 chromedriver + 318180
9   chromedriver                        0x000000010fd5aa87 chromedriver + 322183
10  chromedriver                        0x000000010ff60ab9 chromedriver + 2443961
11  chromedriver                        0x000000010ff6d89f chromedriver + 2496671
12  chromedriver                        0x000000010ff6d55b chromedriver + 2495835
13  chromedriver                        0x000000010ff474c5 chromedriver + 2340037
14  chromedriver                        0x000000010ff6e47f chromedriver + 2499711
15  chromedriver                        0x000000010ff56049 chromedriver + 2400329
16  chromedriver                        0x000000010ff8533f chromedriver + 2593599
17  chromedriver                        0x000000010ff96523 chromedriver + 2663715
18  libsystem_pthread.dylib             0x00007fff73da9109 _pthread_start + 148
19  libsystem_pthread.dylib             0x00007fff73da4b8b thread_start + 15

	at org.openqa.selenium.remote.W3CHandshakeResponse.lambda$errorHandler$0(W3CHandshakeResponse.java:62)
	at org.openqa.selenium.remote.HandshakeResponse.lambda$getResponseFunction$0(HandshakeResponse.java:30)
	at org.openqa.selenium.remote.ProtocolHandshake.lambda$createSession$0(ProtocolHandshake.java:126)
	at java.base/java.util.stream.ReferencePipeline$3$1.accept(ReferencePipeline.java:195)
	at java.base/java.util.Spliterators$ArraySpliterator.tryAdvance(Spliterators.java:958)
	at java.base/java.util.stream.ReferencePipeline.forEachWithCancel(ReferencePipeline.java:127)
	at java.base/java.util.stream.AbstractPipeline.copyIntoWithCancel(AbstractPipeline.java:502)
	at java.base/java.util.stream.AbstractPipeline.copyInto(AbstractPipeline.java:488)
	at java.base/java.util.stream.AbstractPipeline.wrapAndCopyInto(AbstractPipeline.java:474)
	at java.base/java.util.stream.FindOps$FindOp.evaluateSequential(FindOps.java:150)
	at java.base/java.util.stream.AbstractPipeline.evaluate(AbstractPipeline.java:234)
	at java.base/java.util.stream.ReferencePipeline.findFirst(ReferencePipeline.java:543)
	at org.openqa.selenium.remote.ProtocolHandshake.createSession(ProtocolHandshake.java:128)
	at org.openqa.selenium.remote.ProtocolHandshake.createSession(ProtocolHandshake.java:74)
	at org.openqa.selenium.remote.HttpCommandExecutor.execute(HttpCommandExecutor.java:136)
	at org.openqa.selenium.remote.service.DriverCommandExecutor.execute(DriverCommandExecutor.java:83)
	at org.openqa.selenium.remote.RemoteWebDriver.execute(RemoteWebDriver.java:552)
	at org.openqa.selenium.remote.RemoteWebDriver.startSession(RemoteWebDriver.java:213)
	at org.openqa.selenium.remote.RemoteWebDriver.&lt;init&gt;(RemoteWebDriver.java:131)
	at org.openqa.selenium.chrome.ChromeDriver.&lt;init&gt;(ChromeDriver.java:181)
	at org.openqa.selenium.chrome.ChromeDriver.&lt;init&gt;(ChromeDriver.java:168)
	at org.openqa.selenium.chrome.ChromeDriver.&lt;init&gt;(ChromeDriver.java:123)
	at Class02.SoftAssertionDemo.openAndNavigate(SoftAssertionDemo.java:26)
	at java.base/java.util.ArrayList.forEach(ArrayList.java:1511)
	at com.intellij.rt.testng.IDEARemoteTestNG.run(IDEARemoteTestNG.java:66)
	at com.intellij.rt.testng.RemoteTestNGStarter.main(RemoteTestNGStarter.java:109)
... Removed 33 stack frames</div>
</div>
<p class="totop"><a href="#summary">back to summary</a></p>
<h2 id="m2">Class02.SoftAssertionDemo:closeBrowser</h2>
<p class="totop"><a href="#summary">back to summary</a></p>
<h2 id="m3">Class02.SoftAssertionDemo:logoAndValidLogin</h2>
<div>
<div class="stacktrace">org.openqa.selenium.SessionNotCreatedException: session not created: This version of ChromeDriver only supports Chrome version 88
Current browser version is 87.0.4280.88 with binary path /Applications/Google Chrome.app/Contents/MacOS/Google Chrome
Build info: version: &apos;3.141.59&apos;, revision: &apos;e82be7d358&apos;, time: &apos;2018-11-14T08:25:48&apos;
System info: host: &apos;Moneers-MacBook-Air.local&apos;, ip: &apos;2601:14c:8280:de80:e964:6fc9:f176:ff3e%en0&apos;, os.name: &apos;Mac OS X&apos;, os.arch: &apos;x86_64&apos;, os.version: &apos;10.15.7&apos;, java.version: &apos;14.0.2&apos;
Driver info: driver.version: ChromeDriver
remote stacktrace: 0   chromedriver                        0x000000010ff90e09 chromedriver + 2641417
1   chromedriver                        0x000000011061c4b3 chromedriver + 9503923
2   chromedriver                        0x000000010fd339b3 chromedriver + 162227
3   chromedriver                        0x000000010fd57a56 chromedriver + 309846
4   chromedriver                        0x000000010fd53c57 chromedriver + 293975
5   chromedriver                        0x000000010fd50e85 chromedriver + 282245
6   chromedriver                        0x000000010fd84074 chromedriver + 491636
7   chromedriver                        0x000000010fd7f053 chromedriver + 471123
8   chromedriver                        0x000000010fd59ae4 chromedriver + 318180
9   chromedriver                        0x000000010fd5aa87 chromedriver + 322183
10  chromedriver                        0x000000010ff60ab9 chromedriver + 2443961
11  chromedriver                        0x000000010ff6d89f chromedriver + 2496671
12  chromedriver                        0x000000010ff6d55b chromedriver + 2495835
13  chromedriver                        0x000000010ff474c5 chromedriver + 2340037
14  chromedriver                        0x000000010ff6e47f chromedriver + 2499711
15  chromedriver                        0x000000010ff56049 chromedriver + 2400329
16  chromedriver                        0x000000010ff8533f chromedriver + 2593599
17  chromedriver                        0x000000010ff96523 chromedriver + 2663715
18  libsystem_pthread.dylib             0x00007fff73da9109 _pthread_start + 148
19  libsystem_pthread.dylib             0x00007fff73da4b8b thread_start + 15

	at org.openqa.selenium.remote.W3CHandshakeResponse.lambda$errorHandler$0(W3CHandshakeResponse.java:62)
	at org.openqa.selenium.remote.HandshakeResponse.lambda$getResponseFunction$0(HandshakeResponse.java:30)
	at org.openqa.selenium.remote.ProtocolHandshake.lambda$createSession$0(ProtocolHandshake.java:126)
	at java.base/java.util.stream.ReferencePipeline$3$1.accept(ReferencePipeline.java:195)
	at java.base/java.util.Spliterators$ArraySpliterator.tryAdvance(Spliterators.java:958)
	at java.base/java.util.stream.ReferencePipeline.forEachWithCancel(ReferencePipeline.java:127)
	at java.base/java.util.stream.AbstractPipeline.copyIntoWithCancel(AbstractPipeline.java:502)
	at java.base/java.util.stream.AbstractPipeline.copyInto(AbstractPipeline.java:488)
	at java.base/java.util.stream.AbstractPipeline.wrapAndCopyInto(AbstractPipeline.java:474)
	at java.base/java.util.stream.FindOps$FindOp.evaluateSequential(FindOps.java:150)
	at java.base/java.util.stream.AbstractPipeline.evaluate(AbstractPipeline.java:234)
	at java.base/java.util.stream.ReferencePipeline.findFirst(ReferencePipeline.java:543)
	at org.openqa.selenium.remote.ProtocolHandshake.createSession(ProtocolHandshake.java:128)
	at org.openqa.selenium.remote.ProtocolHandshake.createSession(ProtocolHandshake.java:74)
	at org.openqa.selenium.remote.HttpCommandExecutor.execute(HttpCommandExecutor.java:136)
	at org.openqa.selenium.remote.service.DriverCommandExecutor.execute(DriverCommandExecutor.java:83)
	at org.openqa.selenium.remote.RemoteWebDriver.execute(RemoteWebDriver.java:552)
	at org.openqa.selenium.remote.RemoteWebDriver.startSession(RemoteWebDriver.java:213)
	at org.openqa.selenium.remote.RemoteWebDriver.&lt;init&gt;(RemoteWebDriver.java:131)
	at org.openqa.selenium.chrome.ChromeDriver.&lt;init&gt;(ChromeDriver.java:181)
	at org.openqa.selenium.chrome.ChromeDriver.&lt;init&gt;(ChromeDriver.java:168)
	at org.openqa.selenium.chrome.ChromeDriver.&lt;init&gt;(ChromeDriver.java:123)
	at Class02.SoftAssertionDemo.openAndNavigate(SoftAssertionDemo.java:26)
	at java.base/java.util.ArrayList.forEach(ArrayList.java:1511)
	at com.intellij.rt.testng.IDEARemoteTestNG.run(IDEARemoteTestNG.java:66)
	at com.intellij.rt.testng.RemoteTestNGStarter.main(RemoteTestNGStarter.java:109)
... Removed 33 stack frames</div>
</div>
<p class="totop"><a href="#summary">back to summary</a></p>
</body></html>
